# JRE version: Java(TM) SE Runtime Environment (7.0_65-b19) (build 1.7.0_65-b19)
# Java VM: Java HotSpot(TM) Client VM (24.65-b04 mixed mode windows-x86 )
Heap
 par new generation   total 35200K, used 2794K [0x04800000, 0x06e30000, 0x09d50000)
  eden space 31296K,   8% used [0x04800000, 0x04aba908, 0x06690000)
  from space 3904K,   0% used [0x06690000, 0x06690000, 0x06a60000)
  to   space 3904K,   0% used [0x06a60000, 0x06a60000, 0x06e30000)
 concurrent mark-sweep generation total 78068K, used 45968K [0x09d50000, 0x0e98d000, 0x14800000)
 concurrent-mark-sweep perm gen total 18660K, used 11155K [0x14800000, 0x15a39000, 0x18800000)
GC Heap History (10 events):
Event: 7293.342 GC heap before
{Heap before GC invocations=60 (full 65):
 par new generation   total 35200K, used 12550K [0x04800000, 0x06e30000, 0x09d50000)
  eden space 31296K,  37% used [0x04800000, 0x0537f038, 0x06690000)
  from space 3904K,  19% used [0x06a60000, 0x06b22a50, 0x06e30000)
  to   space 3904K,   0% used [0x06690000, 0x06690000, 0x06a60000)
 concurrent mark-sweep generation total 78068K, used 46666K [0x09d50000, 0x0e98d000, 0x14800000)
 concurrent-mark-sweep perm gen total 18660K, used 11170K [0x14800000, 0x15a39000, 0x18800000)
Event: 7293.378 GC heap after
Heap after GC invocations=61 (full 66):
 par new generation   total 35200K, used 0K [0x04800000, 0x06e30000, 0x09d50000)
  eden space 31296K,   0% used [0x04800000, 0x04800000, 0x06690000)
  from space 3904K,   0% used [0x06a60000, 0x06a60000, 0x06e30000)
  to   space 3904K,   0% used [0x06690000, 0x06690000, 0x06a60000)
 concurrent mark-sweep generation total 78068K, used 46268K [0x09d50000, 0x0e98d000, 0x14800000)
 concurrent-mark-sweep perm gen total 18660K, used 11151K [0x14800000, 0x15a39000, 0x18800000)
}
Event: 7293.379 GC heap before
{Heap before GC invocations=61 (full 66):
 par new generation   total 35200K, used 345K [0x04800000, 0x06e30000, 0x09d50000)
  eden space 31296K,   1% used [0x04800000, 0x04856540, 0x06690000)
  from space 3904K,   0% used [0x06a60000, 0x06a60000, 0x06e30000)
  to   space 3904K,   0% used [0x06690000, 0x06690000, 0x06a60000)
 concurrent mark-sweep generation total 78068K, used 46268K [0x09d50000, 0x0e98d000, 0x14800000)
 concurrent-mark-sweep perm gen total 18660K, used 11151K [0x14800000, 0x15a39000, 0x18800000)
Event: 7293.407 GC heap after
Heap after GC invocations=62 (full 67):
 par new generation   total 35200K, used 0K [0x04800000, 0x06e30000, 0x09d50000)
  eden space 31296K,   0% used [0x04800000, 0x04800000, 0x06690000)
  from space 3904K,   0% used [0x06a60000, 0x06a60000, 0x06e30000)
  to   space 3904K,   0% used [0x06690000, 0x06690000, 0x06a60000)
 concurrent mark-sweep generation total 78068K, used 46251K [0x09d50000, 0x0e98d000, 0x14800000)
 concurrent-mark-sweep perm gen total 18660K, used 11151K [0x14800000, 0x15a39000, 0x18800000)
}
Event: 7427.963 GC heap before
{Heap before GC invocations=62 (full 68):
 par new generation   total 35200K, used 31297K [0x04800000, 0x06e30000, 0x09d50000)
  eden space 31296K, 100% used [0x04800000, 0x06690000, 0x06690000)
  from space 3904K,   0% used [0x06a60000, 0x06a604c0, 0x06e30000)
  to   space 3904K,   0% used [0x06690000, 0x06690000, 0x06a60000)
 concurrent mark-sweep generation total 78068K, used 45982K [0x09d50000, 0x0e98d000, 0x14800000)
 concurrent-mark-sweep perm gen total 18660K, used 11154K [0x14800000, 0x15a39000, 0x18800000)
Event: 7427.964 GC heap after
Heap after GC invocations=63 (full 68):
 par new generation   total 35200K, used 921K [0x04800000, 0x06e30000, 0x09d50000)
  eden space 31296K,   0% used [0x04800000, 0x04800000, 0x06690000)
  from space 3904K,  23% used [0x06690000, 0x067767b8, 0x06a60000)
  to   space 3904K,   0% used [0x06a60000, 0x06a60000, 0x06e30000)
 concurrent mark-sweep generation total 78068K, used 45982K [0x09d50000, 0x0e98d000, 0x14800000)
 concurrent-mark-sweep perm gen total 18660K, used 11154K [0x14800000, 0x15a39000, 0x18800000)
}
Event: 7451.518 GC heap before
{Heap before GC invocations=63 (full 68):
 par new generation   total 35200K, used 5764K [0x04800000, 0x06e30000, 0x09d50000)
  eden space 31296K,  15% used [0x04800000, 0x04cbab48, 0x06690000)
  from space 3904K,  23% used [0x06690000, 0x067767b8, 0x06a60000)
  to   space 3904K,   0% used [0x06a60000, 0x06a60000, 0x06e30000)
 concurrent mark-sweep generation total 78068K, used 45982K [0x09d50000, 0x0e98d000, 0x14800000)
 concurrent-mark-sweep perm gen total 18660K, used 11156K [0x14800000, 0x15a39000, 0x18800000)
Event: 7451.550 GC heap after
Heap after GC invocations=64 (full 69):
 par new generation   total 35200K, used 0K [0x04800000, 0x06e30000, 0x09d50000)
  eden space 31296K,   0% used [0x04800000, 0x04800000, 0x06690000)
  from space 3904K,   0% used [0x06690000, 0x06690000, 0x06a60000)
  to   space 3904K,   0% used [0x06a60000, 0x06a60000, 0x06e30000)
 concurrent mark-sweep generation total 78068K, used 45752K [0x09d50000, 0x0e98d000, 0x14800000)
 concurrent-mark-sweep perm gen total 18660K, used 11146K [0x14800000, 0x15a39000, 0x18800000)
}
Event: 59125.258 GC heap before
{Heap before GC invocations=64 (full 70):
 par new generation   total 35200K, used 2693K [0x04800000, 0x06e30000, 0x09d50000)
  eden space 31296K,   8% used [0x04800000, 0x04aa15d8, 0x06690000)
  from space 3904K,   0% used [0x06690000, 0x06690000, 0x06a60000)
  to   space 3904K,   0% used [0x06a60000, 0x06a60000, 0x06e30000)
 concurrent mark-sweep generation total 78068K, used 45752K [0x09d50000, 0x0e98d000, 0x14800000)
 concurrent-mark-sweep perm gen total 18660K, used 11154K [0x14800000, 0x15a39000, 0x18800000)
Event: 59125.329 GC heap after
Heap after GC invocations=65 (full 71):
 par new generation   total 35200K, used 0K [0x04800000, 0x06e30000, 0x09d50000)
  eden space 31296K,   0% used [0x04800000, 0x04800000, 0x06690000)
  from space 3904K,   0% used [0x06690000, 0x06690000, 0x06a60000)
  to   space 3904K,   0% used [0x06a60000, 0x06a60000, 0x06e30000)
 concurrent mark-sweep generation total 78068K, used 45968K [0x09d50000, 0x0e98d000, 0x14800000)
 concurrent-mark-sweep perm gen total 18660K, used 11153K [0x14800000, 0x15a39000, 0x18800000)
}

